2025-06-02 00:20:02,307 [INFO]: ^^^^^^^^^^^^^^^ Offline anomaly detection for Yahoo dataset ^^^^^^^^^^^^^^^
2025-06-02 00:20:42,773 [INFO]: ^^^^^^^^^^^^^^^ Offline anomaly detection for Yahoo dataset ^^^^^^^^^^^^^^^
2025-06-02 00:20:42,829 [INFO]: ============================================================
2025-06-02 00:20:42,829 [INFO]: Dataset: yahoo (metric real_0), m: 3, p: 99.8
2025-06-02 00:20:56,560 [INFO]: The number of anomalous seqs: 3
2025-06-02 00:20:56,580 [INFO]: The number of anomalous seqs after ap clustering: 3
2025-06-02 00:20:56,581 [INFO]: The number of anomalous clusters: 3
2025-06-02 00:20:56,584 [INFO]: Metric patterns dumped.
2025-06-02 00:20:56,587 [INFO]: precision: 0.400, recall: 1.000, f1: 0.571
2025-06-02 00:20:56,868 [INFO]: Experiment result plotted!
2025-06-02 00:20:57,089 [INFO]: ============================================================
2025-06-02 00:20:57,090 [INFO]: Dataset: yahoo (metric real_1), m: 3, p: 99
2025-06-02 00:20:57,115 [INFO]: The number of anomalous seqs: 12
2025-06-02 00:20:57,143 [INFO]: The number of anomalous seqs after ap clustering: 12
2025-06-02 00:20:57,143 [INFO]: The number of anomalous clusters: 3
2025-06-02 00:20:57,146 [INFO]: Metric patterns dumped.
2025-06-02 00:20:57,150 [INFO]: precision: 0.929, recall: 1.000, f1: 0.963
2025-06-02 00:20:57,158 [INFO]: Experiment result plotted!
2025-06-02 00:20:57,301 [INFO]: ============================================================
2025-06-02 00:20:57,301 [INFO]: Dataset: yahoo (metric real_2), m: 3, p: 99
2025-06-02 00:20:57,324 [INFO]: The number of anomalous seqs: 12
2025-06-02 00:20:57,342 [INFO]: The number of anomalous seqs after ap clustering: 12
2025-06-02 00:20:57,342 [INFO]: The number of anomalous clusters: 12
2025-06-02 00:20:57,346 [INFO]: Metric patterns dumped.
2025-06-02 00:20:57,350 [INFO]: precision: 1.000, recall: 0.737, f1: 0.848
2025-06-02 00:20:57,357 [INFO]: Experiment result plotted!
2025-06-02 00:20:57,491 [INFO]: ============================================================
2025-06-02 00:20:57,491 [INFO]: Dataset: yahoo (metric real_3), m: 3, p: 99
2025-06-02 00:20:57,515 [INFO]: The number of anomalous seqs: 12
2025-06-02 00:20:57,533 [INFO]: The number of anomalous seqs after ap clustering: 3
2025-06-02 00:20:57,533 [INFO]: The number of anomalous clusters: 3
2025-06-02 00:20:57,536 [INFO]: Metric patterns dumped.
2025-06-02 00:20:57,539 [INFO]: precision: 0.400, recall: 1.000, f1: 0.571
2025-06-02 00:20:57,542 [INFO]: Experiment result plotted!
2025-06-02 00:20:57,697 [INFO]: ============================================================
2025-06-02 00:20:57,698 [INFO]: Dataset: yahoo (metric real_4), m: 3, p: 99
2025-06-02 00:20:57,720 [INFO]: The number of anomalous seqs: 12
2025-06-02 00:20:57,756 [INFO]: The number of anomalous seqs after ap clustering: 10
2025-06-02 00:20:57,756 [INFO]: The number of anomalous clusters: 3
2025-06-02 00:20:57,762 [INFO]: Metric patterns dumped.
2025-06-02 00:20:57,767 [INFO]: precision: 0.643, recall: 1.000, f1: 0.783
2025-06-02 00:20:57,777 [INFO]: Experiment result plotted!
2025-06-02 00:20:57,966 [INFO]: ============================================================
2025-06-02 00:20:57,966 [INFO]: Dataset: yahoo (metric real_5), m: 3, p: 99
2025-06-02 00:20:58,187 [INFO]: The number of anomalous seqs: 12
2025-06-02 00:20:58,207 [INFO]: The number of anomalous seqs after ap clustering: 6
2025-06-02 00:20:58,207 [INFO]: The number of anomalous clusters: 4
2025-06-02 00:20:58,211 [INFO]: Metric patterns dumped.
2025-06-02 00:20:58,214 [INFO]: precision: 0.154, recall: 1.000, f1: 0.267
2025-06-02 00:20:58,219 [INFO]: Experiment result plotted!
2025-06-02 00:20:58,375 [INFO]: ============================================================
2025-06-02 00:20:58,375 [INFO]: Dataset: yahoo (metric real_6), m: 3, p: 99
2025-06-02 00:20:58,401 [INFO]: The number of anomalous seqs: 12
2025-06-02 00:20:58,427 [INFO]: The number of anomalous seqs after ap clustering: 10
2025-06-02 00:20:58,427 [INFO]: The number of anomalous clusters: 4
2025-06-02 00:20:58,430 [INFO]: Metric patterns dumped.
2025-06-02 00:20:58,434 [INFO]: precision: 0.571, recall: 1.000, f1: 0.727
2025-06-02 00:20:58,441 [INFO]: Experiment result plotted!
2025-06-02 00:20:58,596 [INFO]: ============================================================
2025-06-02 00:20:58,596 [INFO]: Dataset: yahoo (metric real_7), m: 3, p: 99
2025-06-02 00:20:58,621 [INFO]: The number of anomalous seqs: 12
2025-06-02 00:20:58,639 [INFO]: The number of anomalous seqs after ap clustering: 3
2025-06-02 00:20:58,639 [INFO]: The number of anomalous clusters: 3
2025-06-02 00:20:58,642 [INFO]: Metric patterns dumped.
2025-06-02 00:20:58,645 [INFO]: precision: 0.600, recall: 1.000, f1: 0.750
2025-06-02 00:20:58,648 [INFO]: Experiment result plotted!
2025-06-02 00:20:58,787 [INFO]: ============================================================
2025-06-02 00:20:58,787 [INFO]: Dataset: yahoo (metric real_8), m: 10, p: 92
2025-06-02 00:20:58,809 [INFO]: The number of anomalous seqs: 90
2025-06-02 00:20:58,849 [INFO]: The number of anomalous seqs after ap clustering: 90
2025-06-02 00:20:58,849 [INFO]: The number of anomalous clusters: 6
2025-06-02 00:20:58,853 [INFO]: Metric patterns dumped.
2025-06-02 00:20:58,856 [INFO]: precision: 0.956, recall: 0.665, f1: 0.784
2025-06-02 00:20:58,899 [INFO]: Experiment result plotted!
2025-06-02 00:20:59,051 [INFO]: ============================================================
2025-06-02 00:20:59,051 [INFO]: Dataset: yahoo (metric real_9), m: 3, p: 99
2025-06-02 00:20:59,073 [INFO]: The number of anomalous seqs: 12
2025-06-02 00:20:59,098 [INFO]: The number of anomalous seqs after ap clustering: 6
2025-06-02 00:20:59,098 [INFO]: The number of anomalous clusters: 3
2025-06-02 00:20:59,101 [INFO]: Metric patterns dumped.
2025-06-02 00:20:59,104 [INFO]: precision: 0.300, recall: 1.000, f1: 0.462
2025-06-02 00:20:59,108 [INFO]: Experiment result plotted!
2025-06-02 00:20:59,255 [INFO]: ============================================================
2025-06-02 00:20:59,255 [INFO]: Dataset: yahoo (metric real_10), m: 10, p: 92
2025-06-02 00:20:59,275 [INFO]: The number of anomalous seqs: 90
2025-06-02 00:20:59,311 [INFO]: The number of anomalous seqs after ap clustering: 90
2025-06-02 00:20:59,311 [INFO]: The number of anomalous clusters: 6
2025-06-02 00:20:59,314 [INFO]: Metric patterns dumped.
2025-06-02 00:20:59,317 [INFO]: precision: 0.914, recall: 0.656, f1: 0.764
2025-06-02 00:20:59,356 [INFO]: Experiment result plotted!
2025-06-02 00:20:59,507 [INFO]: ============================================================
2025-06-02 00:20:59,507 [INFO]: Dataset: yahoo (metric real_11), m: 3, p: 99
2025-06-02 00:20:59,527 [INFO]: The number of anomalous seqs: 12
2025-06-02 00:20:59,541 [INFO]: The number of anomalous seqs after ap clustering: 12
2025-06-02 00:20:59,541 [INFO]: The number of anomalous clusters: 12
2025-06-02 00:20:59,544 [INFO]: Metric patterns dumped.
2025-06-02 00:20:59,547 [INFO]: precision: 0.765, recall: 0.812, f1: 0.788
2025-06-02 00:20:59,554 [INFO]: Experiment result plotted!
2025-06-02 00:20:59,691 [INFO]: ============================================================
2025-06-02 00:20:59,691 [INFO]: Dataset: yahoo (metric real_12), m: 3, p: 99
2025-06-02 00:20:59,715 [INFO]: The number of anomalous seqs: 12
2025-06-02 00:20:59,732 [INFO]: The number of anomalous seqs after ap clustering: 3
2025-06-02 00:20:59,733 [INFO]: The number of anomalous clusters: 3
2025-06-02 00:20:59,735 [INFO]: Metric patterns dumped.
2025-06-02 00:20:59,738 [INFO]: precision: 0.400, recall: 0.061, f1: 0.105
2025-06-02 00:20:59,741 [INFO]: Experiment result plotted!
2025-06-02 00:20:59,869 [INFO]: ============================================================
2025-06-02 00:20:59,869 [INFO]: Dataset: yahoo (metric real_13), m: 3, p: 99
2025-06-02 00:20:59,892 [INFO]: The number of anomalous seqs: 12
2025-06-02 00:20:59,908 [INFO]: The number of anomalous seqs after ap clustering: 11
2025-06-02 00:20:59,908 [INFO]: The number of anomalous clusters: 10
2025-06-02 00:20:59,911 [INFO]: Metric patterns dumped.
2025-06-02 00:20:59,915 [INFO]: precision: 0.353, recall: 1.000, f1: 0.522
2025-06-02 00:20:59,922 [INFO]: Experiment result plotted!
2025-06-02 00:21:00,057 [INFO]: ============================================================
2025-06-02 00:21:00,058 [INFO]: Dataset: yahoo (metric real_14), m: 10, p: 92
2025-06-02 00:21:00,076 [INFO]: The number of anomalous seqs: 89
2025-06-02 00:21:00,114 [INFO]: The number of anomalous seqs after ap clustering: 62
2025-06-02 00:21:00,114 [INFO]: The number of anomalous clusters: 11
2025-06-02 00:21:00,118 [INFO]: Metric patterns dumped.
2025-06-02 00:21:00,121 [INFO]: precision: 0.887, recall: 1.000, f1: 0.940
2025-06-02 00:21:00,152 [INFO]: Experiment result plotted!
2025-06-02 00:21:00,286 [INFO]: ============================================================
2025-06-02 00:21:00,286 [INFO]: Dataset: yahoo (metric real_15), m: 3, p: 99
2025-06-02 00:21:00,306 [INFO]: The number of anomalous seqs: 12
2025-06-02 00:21:00,332 [INFO]: The number of anomalous seqs after ap clustering: 12
2025-06-02 00:21:00,332 [INFO]: The number of anomalous clusters: 6
2025-06-02 00:21:00,336 [INFO]: Metric patterns dumped.
2025-06-02 00:21:00,338 [INFO]: precision: 0.667, recall: 0.632, f1: 0.649
2025-06-02 00:21:00,345 [INFO]: Experiment result plotted!
2025-06-02 00:21:00,480 [INFO]: ============================================================
2025-06-02 00:21:00,480 [INFO]: Dataset: yahoo (metric real_16), m: 3, p: 99
2025-06-02 00:21:00,503 [INFO]: The number of anomalous seqs: 12
2025-06-02 00:21:00,529 [INFO]: The number of anomalous seqs after ap clustering: 12
2025-06-02 00:21:00,529 [INFO]: The number of anomalous clusters: 2
2025-06-02 00:21:00,532 [INFO]: Metric patterns dumped.
2025-06-02 00:21:00,536 [INFO]: precision: 1.000, recall: 0.875, f1: 0.933
2025-06-02 00:21:00,543 [INFO]: Experiment result plotted!
2025-06-02 00:21:00,695 [INFO]: ============================================================
2025-06-02 00:21:00,696 [INFO]: Dataset: yahoo (metric real_17), m: 10, p: 92
2025-06-02 00:21:00,716 [INFO]: The number of anomalous seqs: 89
2025-06-02 00:21:00,739 [INFO]: The number of anomalous seqs after ap clustering: 42
2025-06-02 00:21:00,740 [INFO]: The number of anomalous clusters: 42
2025-06-02 00:21:00,744 [INFO]: Metric patterns dumped.
2025-06-02 00:21:00,748 [INFO]: precision: 0.843, recall: 1.000, f1: 0.915
2025-06-02 00:21:00,770 [INFO]: Experiment result plotted!
2025-06-02 00:21:00,907 [INFO]: ============================================================
2025-06-02 00:21:00,907 [INFO]: Dataset: yahoo (metric real_18), m: 3, p: 99
2025-06-02 00:21:00,929 [INFO]: The number of anomalous seqs: 12
2025-06-02 00:21:00,955 [INFO]: The number of anomalous seqs after ap clustering: 8
2025-06-02 00:21:00,955 [INFO]: The number of anomalous clusters: 4
2025-06-02 00:21:00,958 [INFO]: Metric patterns dumped.
2025-06-02 00:21:00,960 [INFO]: precision: 0.000, recall: 0.000, f1: 0.000
2025-06-02 00:21:00,965 [INFO]: Experiment result plotted!
2025-06-02 00:21:01,105 [INFO]: ============================================================
2025-06-02 00:21:01,105 [INFO]: Dataset: yahoo (metric real_19), m: 3, p: 99
2025-06-02 00:21:01,127 [INFO]: The number of anomalous seqs: 12
2025-06-02 00:21:01,144 [INFO]: The number of anomalous seqs after ap clustering: 0
2025-06-02 00:21:01,145 [INFO]: The number of anomalous clusters: 0
2025-06-02 00:21:01,149 [INFO]: Metric patterns dumped.
2025-06-02 00:21:01,149 [INFO]: No anomalous patterns detected!
2025-06-02 00:21:01,149 [INFO]: precision: 0.000, recall: 0.000, f1: 0.000
2025-06-02 00:21:01,151 [INFO]: Experiment result plotted!
2025-06-02 00:21:01,303 [INFO]: ============================================================
2025-06-02 00:21:01,303 [INFO]: Dataset: yahoo (metric real_20), m: 3, p: 99
2025-06-02 00:21:01,330 [INFO]: The number of anomalous seqs: 12
2025-06-02 00:21:01,349 [INFO]: The number of anomalous seqs after ap clustering: 0
2025-06-02 00:21:01,349 [INFO]: The number of anomalous clusters: 0
2025-06-02 00:21:01,352 [INFO]: Metric patterns dumped.
2025-06-02 00:21:01,352 [INFO]: No anomalous patterns detected!
2025-06-02 00:21:01,352 [INFO]: precision: 0.000, recall: 0.000, f1: 0.000
2025-06-02 00:21:01,354 [INFO]: Experiment result plotted!
2025-06-02 00:21:01,498 [INFO]: ============================================================
2025-06-02 00:21:01,499 [INFO]: Dataset: yahoo (metric real_21), m: 3, p: 99
2025-06-02 00:21:01,522 [INFO]: The number of anomalous seqs: 12
2025-06-02 00:21:01,539 [INFO]: The number of anomalous seqs after ap clustering: 7
2025-06-02 00:21:01,539 [INFO]: The number of anomalous clusters: 4
2025-06-02 00:21:01,542 [INFO]: Metric patterns dumped.
2025-06-02 00:21:01,545 [INFO]: precision: 0.333, recall: 0.714, f1: 0.455
2025-06-02 00:21:01,549 [INFO]: Experiment result plotted!
2025-06-02 00:21:01,678 [INFO]: ============================================================
2025-06-02 00:21:01,678 [INFO]: Dataset: yahoo (metric real_22), m: 3, p: 99
2025-06-02 00:21:01,700 [INFO]: The number of anomalous seqs: 12
2025-06-02 00:21:01,716 [INFO]: The number of anomalous seqs after ap clustering: 12
2025-06-02 00:21:01,716 [INFO]: The number of anomalous clusters: 7
2025-06-02 00:21:01,719 [INFO]: Metric patterns dumped.
2025-06-02 00:21:01,721 [INFO]: precision: 1.000, recall: 0.933, f1: 0.966
2025-06-02 00:21:01,728 [INFO]: Experiment result plotted!
2025-06-02 00:21:01,861 [INFO]: ============================================================
2025-06-02 00:21:01,861 [INFO]: Dataset: yahoo (metric real_23), m: 3, p: 99
2025-06-02 00:21:01,885 [INFO]: The number of anomalous seqs: 12
2025-06-02 00:21:01,910 [INFO]: The number of anomalous seqs after ap clustering: 11
2025-06-02 00:21:01,910 [INFO]: The number of anomalous clusters: 7
2025-06-02 00:21:01,913 [INFO]: Metric patterns dumped.
2025-06-02 00:21:01,916 [INFO]: precision: 0.600, recall: 1.000, f1: 0.750
2025-06-02 00:21:01,922 [INFO]: Experiment result plotted!
2025-06-02 00:21:02,056 [INFO]: ============================================================
2025-06-02 00:21:02,056 [INFO]: Dataset: yahoo (metric real_24), m: 3, p: 99
2025-06-02 00:21:02,076 [INFO]: The number of anomalous seqs: 12
2025-06-02 00:21:02,091 [INFO]: The number of anomalous seqs after ap clustering: 12
2025-06-02 00:21:02,091 [INFO]: The number of anomalous clusters: 2
2025-06-02 00:21:02,094 [INFO]: Metric patterns dumped.
2025-06-02 00:21:02,097 [INFO]: precision: 0.842, recall: 0.667, f1: 0.744
2025-06-02 00:21:02,104 [INFO]: Experiment result plotted!
2025-06-02 00:21:02,229 [INFO]: ============================================================
2025-06-02 00:21:02,229 [INFO]: Dataset: yahoo (metric real_25), m: 10, p: 92
2025-06-02 00:21:02,251 [INFO]: The number of anomalous seqs: 90
2025-06-02 00:21:02,286 [INFO]: The number of anomalous seqs after ap clustering: 66
2025-06-02 00:21:02,286 [INFO]: The number of anomalous clusters: 2
2025-06-02 00:21:02,289 [INFO]: Metric patterns dumped.
2025-06-02 00:21:02,292 [INFO]: precision: 0.360, recall: 0.574, f1: 0.443
2025-06-02 00:21:02,323 [INFO]: Experiment result plotted!
2025-06-02 00:21:02,457 [INFO]: ============================================================
2025-06-02 00:21:02,457 [INFO]: Dataset: yahoo (metric real_26), m: 3, p: 99
2025-06-02 00:21:02,481 [INFO]: The number of anomalous seqs: 12
2025-06-02 00:21:02,499 [INFO]: The number of anomalous seqs after ap clustering: 3
2025-06-02 00:21:02,499 [INFO]: The number of anomalous clusters: 3
2025-06-02 00:21:02,501 [INFO]: Metric patterns dumped.
2025-06-02 00:21:02,505 [INFO]: precision: 0.400, recall: 1.000, f1: 0.571
2025-06-02 00:21:02,508 [INFO]: Experiment result plotted!
2025-06-02 00:21:02,636 [INFO]: ============================================================
2025-06-02 00:21:02,637 [INFO]: Dataset: yahoo (metric real_27), m: 3, p: 99.8
2025-06-02 00:21:02,659 [INFO]: The number of anomalous seqs: 3
2025-06-02 00:21:02,675 [INFO]: The number of anomalous seqs after ap clustering: 2
2025-06-02 00:21:02,675 [INFO]: The number of anomalous clusters: 1
2025-06-02 00:21:02,679 [INFO]: Metric patterns dumped.
2025-06-02 00:21:02,684 [INFO]: precision: 0.750, recall: 0.429, f1: 0.545
2025-06-02 00:21:02,687 [INFO]: Experiment result plotted!
2025-06-02 00:21:02,836 [INFO]: ============================================================
2025-06-02 00:21:02,836 [INFO]: Dataset: yahoo (metric real_28), m: 3, p: 99.8
2025-06-02 00:21:02,858 [INFO]: The number of anomalous seqs: 3
2025-06-02 00:21:02,874 [INFO]: The number of anomalous seqs after ap clustering: 0
2025-06-02 00:21:02,874 [INFO]: The number of anomalous clusters: 0
2025-06-02 00:21:02,876 [INFO]: Metric patterns dumped.
2025-06-02 00:21:02,877 [INFO]: No anomalous patterns detected!
2025-06-02 00:21:02,877 [INFO]: precision: 1.000, recall: 1.000, f1: 1.000
2025-06-02 00:21:02,879 [INFO]: Experiment result plotted!
2025-06-02 00:21:03,164 [INFO]: ============================================================
2025-06-02 00:21:03,164 [INFO]: Dataset: yahoo (metric real_29), m: 3, p: 99.8
2025-06-02 00:21:03,186 [INFO]: The number of anomalous seqs: 3
2025-06-02 00:21:03,205 [INFO]: The number of anomalous seqs after ap clustering: 3
2025-06-02 00:21:03,205 [INFO]: The number of anomalous clusters: 2
2025-06-02 00:21:03,209 [INFO]: Metric patterns dumped.
2025-06-02 00:21:03,212 [INFO]: precision: 0.800, recall: 0.800, f1: 0.800
2025-06-02 00:21:03,215 [INFO]: Experiment result plotted!
2025-06-02 00:21:03,340 [INFO]: ============================================================
2025-06-02 00:21:03,340 [INFO]: Dataset: yahoo (metric real_30), m: 10, p: 92
2025-06-02 00:21:03,362 [INFO]: The number of anomalous seqs: 90
2025-06-02 00:21:03,407 [INFO]: The number of anomalous seqs after ap clustering: 52
2025-06-02 00:21:03,407 [INFO]: The number of anomalous clusters: 3
2025-06-02 00:21:03,410 [INFO]: Metric patterns dumped.
2025-06-02 00:21:03,414 [INFO]: precision: 0.212, recall: 1.000, f1: 0.351
2025-06-02 00:21:03,439 [INFO]: Experiment result plotted!
2025-06-02 00:21:03,603 [INFO]: ============================================================
2025-06-02 00:21:03,604 [INFO]: Dataset: yahoo (metric real_31), m: 3, p: 99
2025-06-02 00:21:03,627 [INFO]: The number of anomalous seqs: 12
2025-06-02 00:21:03,655 [INFO]: The number of anomalous seqs after ap clustering: 8
2025-06-02 00:21:03,655 [INFO]: The number of anomalous clusters: 3
2025-06-02 00:21:03,658 [INFO]: Metric patterns dumped.
2025-06-02 00:21:03,661 [INFO]: precision: 0.400, recall: 0.667, f1: 0.500
2025-06-02 00:21:03,668 [INFO]: Experiment result plotted!
2025-06-02 00:21:03,806 [INFO]: ============================================================
2025-06-02 00:21:03,807 [INFO]: Dataset: yahoo (metric real_32), m: 3, p: 99
2025-06-02 00:21:03,829 [INFO]: The number of anomalous seqs: 12
2025-06-02 00:21:03,848 [INFO]: The number of anomalous seqs after ap clustering: 10
2025-06-02 00:21:03,848 [INFO]: The number of anomalous clusters: 6
2025-06-02 00:21:03,851 [INFO]: Metric patterns dumped.
2025-06-02 00:21:03,854 [INFO]: precision: 0.571, recall: 0.800, f1: 0.667
2025-06-02 00:21:03,860 [INFO]: Experiment result plotted!
2025-06-02 00:21:03,990 [INFO]: ============================================================
2025-06-02 00:21:03,990 [INFO]: Dataset: yahoo (metric real_33), m: 3, p: 99.8
2025-06-02 00:21:04,009 [INFO]: The number of anomalous seqs: 3
2025-06-02 00:21:04,033 [INFO]: The number of anomalous seqs after ap clustering: 3
2025-06-02 00:21:04,033 [INFO]: The number of anomalous clusters: 3
2025-06-02 00:21:04,037 [INFO]: Metric patterns dumped.
2025-06-02 00:21:04,040 [INFO]: precision: 0.600, recall: 0.600, f1: 0.600
2025-06-02 00:21:04,043 [INFO]: Experiment result plotted!
2025-06-02 00:21:04,175 [INFO]: ============================================================
2025-06-02 00:21:04,175 [INFO]: Dataset: yahoo (metric real_34), m: 10, p: 92
2025-06-02 00:21:04,198 [INFO]: The number of anomalous seqs: 90
2025-06-02 00:21:04,241 [INFO]: The number of anomalous seqs after ap clustering: 74
2025-06-02 00:21:04,241 [INFO]: The number of anomalous clusters: 4
2025-06-02 00:21:04,244 [INFO]: Metric patterns dumped.
2025-06-02 00:21:04,248 [INFO]: precision: 0.708, recall: 0.938, f1: 0.806
2025-06-02 00:21:04,285 [INFO]: Experiment result plotted!
2025-06-02 00:21:04,441 [INFO]: ============================================================
2025-06-02 00:21:04,441 [INFO]: Dataset: yahoo (metric real_35), m: 3, p: 99
2025-06-02 00:21:04,462 [INFO]: The number of anomalous seqs: 12
2025-06-02 00:21:04,479 [INFO]: The number of anomalous seqs after ap clustering: 6
2025-06-02 00:21:04,479 [INFO]: The number of anomalous clusters: 6
2025-06-02 00:21:04,484 [INFO]: Metric patterns dumped.
2025-06-02 00:21:04,487 [INFO]: precision: 0.200, recall: 1.000, f1: 0.333
2025-06-02 00:21:04,491 [INFO]: Experiment result plotted!
2025-06-02 00:21:04,616 [INFO]: ============================================================
2025-06-02 00:21:04,616 [INFO]: Dataset: yahoo (metric real_36), m: 10, p: 92
2025-06-02 00:21:04,638 [INFO]: The number of anomalous seqs: 91
2025-06-02 00:21:04,673 [INFO]: The number of anomalous seqs after ap clustering: 91
2025-06-02 00:21:04,673 [INFO]: The number of anomalous clusters: 9
2025-06-02 00:21:04,676 [INFO]: Metric patterns dumped.
2025-06-02 00:21:04,679 [INFO]: precision: 0.352, recall: 1.000, f1: 0.521
2025-06-02 00:21:04,719 [INFO]: Experiment result plotted!
2025-06-02 00:21:04,847 [INFO]: ============================================================
2025-06-02 00:21:04,847 [INFO]: Dataset: yahoo (metric real_37), m: 3, p: 99
2025-06-02 00:21:04,869 [INFO]: The number of anomalous seqs: 12
2025-06-02 00:21:04,886 [INFO]: The number of anomalous seqs after ap clustering: 5
2025-06-02 00:21:04,886 [INFO]: The number of anomalous clusters: 5
2025-06-02 00:21:04,889 [INFO]: Metric patterns dumped.
2025-06-02 00:21:04,892 [INFO]: precision: 0.429, recall: 0.111, f1: 0.176
2025-06-02 00:21:04,897 [INFO]: Experiment result plotted!
2025-06-02 00:21:05,029 [INFO]: ============================================================
2025-06-02 00:21:05,029 [INFO]: Dataset: yahoo (metric real_38), m: 3, p: 99
2025-06-02 00:21:05,051 [INFO]: The number of anomalous seqs: 12
2025-06-02 00:21:05,070 [INFO]: The number of anomalous seqs after ap clustering: 6
2025-06-02 00:21:05,070 [INFO]: The number of anomalous clusters: 5
2025-06-02 00:21:05,074 [INFO]: Metric patterns dumped.
2025-06-02 00:21:05,077 [INFO]: precision: 0.750, recall: 0.667, f1: 0.706
2025-06-02 00:21:05,082 [INFO]: Experiment result plotted!
2025-06-02 00:21:05,226 [INFO]: ============================================================
2025-06-02 00:21:05,226 [INFO]: Dataset: yahoo (metric real_39), m: 3, p: 99
2025-06-02 00:21:05,246 [INFO]: The number of anomalous seqs: 12
2025-06-02 00:21:05,264 [INFO]: The number of anomalous seqs after ap clustering: 0
2025-06-02 00:21:05,264 [INFO]: The number of anomalous clusters: 0
2025-06-02 00:21:05,267 [INFO]: Metric patterns dumped.
2025-06-02 00:21:05,267 [INFO]: No anomalous patterns detected!
2025-06-02 00:21:05,267 [INFO]: precision: 0.000, recall: 0.000, f1: 0.000
2025-06-02 00:21:05,268 [INFO]: Experiment result plotted!
2025-06-02 00:21:05,391 [INFO]: ============================================================
2025-06-02 00:21:05,391 [INFO]: Dataset: yahoo (metric real_40), m: 10, p: 92
2025-06-02 00:21:05,412 [INFO]: The number of anomalous seqs: 91
2025-06-02 00:21:05,462 [INFO]: The number of anomalous seqs after ap clustering: 91
2025-06-02 00:21:05,462 [INFO]: The number of anomalous clusters: 1
2025-06-02 00:21:05,467 [INFO]: Metric patterns dumped.
2025-06-02 00:21:05,470 [INFO]: precision: 1.000, recall: 0.972, f1: 0.986
2025-06-02 00:21:05,521 [INFO]: Experiment result plotted!
2025-06-02 00:21:05,674 [INFO]: ============================================================
2025-06-02 00:21:05,674 [INFO]: Dataset: yahoo (metric real_41), m: 3, p: 99
2025-06-02 00:21:05,695 [INFO]: The number of anomalous seqs: 12
2025-06-02 00:21:05,720 [INFO]: The number of anomalous seqs after ap clustering: 3
2025-06-02 00:21:05,720 [INFO]: The number of anomalous clusters: 2
2025-06-02 00:21:05,723 [INFO]: Metric patterns dumped.
2025-06-02 00:21:05,725 [INFO]: precision: 0.286, recall: 0.200, f1: 0.235
2025-06-02 00:21:05,728 [INFO]: Experiment result plotted!
2025-06-02 00:21:05,867 [INFO]: ============================================================
2025-06-02 00:21:05,867 [INFO]: Dataset: yahoo (metric real_42), m: 3, p: 99
2025-06-02 00:21:05,887 [INFO]: The number of anomalous seqs: 12
2025-06-02 00:21:05,905 [INFO]: The number of anomalous seqs after ap clustering: 2
2025-06-02 00:21:05,905 [INFO]: The number of anomalous clusters: 1
2025-06-02 00:21:05,909 [INFO]: Metric patterns dumped.
2025-06-02 00:21:05,912 [INFO]: precision: 0.167, recall: 0.042, f1: 0.067
2025-06-02 00:21:05,915 [INFO]: Experiment result plotted!
2025-06-02 00:21:06,048 [INFO]: ============================================================
2025-06-02 00:21:06,048 [INFO]: Dataset: yahoo (metric real_43), m: 3, p: 99
2025-06-02 00:21:06,074 [INFO]: The number of anomalous seqs: 12
2025-06-02 00:21:06,100 [INFO]: The number of anomalous seqs after ap clustering: 6
2025-06-02 00:21:06,100 [INFO]: The number of anomalous clusters: 3
2025-06-02 00:21:06,104 [INFO]: Metric patterns dumped.
2025-06-02 00:21:06,106 [INFO]: precision: 0.300, recall: 1.000, f1: 0.462
2025-06-02 00:21:06,111 [INFO]: Experiment result plotted!
2025-06-02 00:21:06,255 [INFO]: ============================================================
2025-06-02 00:21:06,255 [INFO]: Dataset: yahoo (metric real_44), m: 3, p: 99.8
2025-06-02 00:21:06,276 [INFO]: The number of anomalous seqs: 3
2025-06-02 00:21:06,298 [INFO]: The number of anomalous seqs after ap clustering: 3
2025-06-02 00:21:06,298 [INFO]: The number of anomalous clusters: 3
2025-06-02 00:21:06,302 [INFO]: Metric patterns dumped.
2025-06-02 00:21:06,305 [INFO]: precision: 0.400, recall: 1.000, f1: 0.571
2025-06-02 00:21:06,309 [INFO]: Experiment result plotted!
2025-06-02 00:21:06,459 [INFO]: ============================================================
2025-06-02 00:21:06,459 [INFO]: Dataset: yahoo (metric real_45), m: 3, p: 99
2025-06-02 00:21:06,484 [INFO]: The number of anomalous seqs: 12
2025-06-02 00:21:06,512 [INFO]: The number of anomalous seqs after ap clustering: 12
2025-06-02 00:21:06,512 [INFO]: The number of anomalous clusters: 6
2025-06-02 00:21:06,515 [INFO]: Metric patterns dumped.
2025-06-02 00:21:06,518 [INFO]: precision: 0.318, recall: 1.000, f1: 0.483
2025-06-02 00:21:06,526 [INFO]: Experiment result plotted!
2025-06-02 00:21:06,660 [INFO]: ============================================================
2025-06-02 00:21:06,660 [INFO]: Dataset: yahoo (metric real_46), m: 3, p: 99
2025-06-02 00:21:06,685 [INFO]: The number of anomalous seqs: 12
2025-06-02 00:21:06,707 [INFO]: The number of anomalous seqs after ap clustering: 0
2025-06-02 00:21:06,707 [INFO]: The number of anomalous clusters: 0
2025-06-02 00:21:06,710 [INFO]: Metric patterns dumped.
2025-06-02 00:21:06,710 [INFO]: No anomalous patterns detected!
2025-06-02 00:21:06,710 [INFO]: precision: 0.000, recall: 0.000, f1: 0.000
2025-06-02 00:21:06,712 [INFO]: Experiment result plotted!
2025-06-02 00:21:06,861 [INFO]: ============================================================
2025-06-02 00:21:06,861 [INFO]: Dataset: yahoo (metric real_47), m: 3, p: 99
2025-06-02 00:21:06,887 [INFO]: The number of anomalous seqs: 12
2025-06-02 00:21:06,906 [INFO]: The number of anomalous seqs after ap clustering: 5
2025-06-02 00:21:06,906 [INFO]: The number of anomalous clusters: 1
2025-06-02 00:21:06,909 [INFO]: Metric patterns dumped.
2025-06-02 00:21:06,913 [INFO]: precision: 0.615, recall: 0.727, f1: 0.667
2025-06-02 00:21:06,917 [INFO]: Experiment result plotted!
2025-06-02 00:21:07,058 [INFO]: ============================================================
2025-06-02 00:21:07,058 [INFO]: Dataset: yahoo (metric real_48), m: 3, p: 99
2025-06-02 00:21:07,079 [INFO]: The number of anomalous seqs: 12
2025-06-02 00:21:07,102 [INFO]: The number of anomalous seqs after ap clustering: 12
2025-06-02 00:21:07,102 [INFO]: The number of anomalous clusters: 2
2025-06-02 00:21:07,105 [INFO]: Metric patterns dumped.
2025-06-02 00:21:07,107 [INFO]: precision: 1.000, recall: 0.824, f1: 0.903
2025-06-02 00:21:07,114 [INFO]: Experiment result plotted!
2025-06-02 00:21:07,251 [INFO]: ============================================================
2025-06-02 00:21:07,251 [INFO]: Dataset: yahoo (metric real_49), m: 3, p: 99
2025-06-02 00:21:07,264 [INFO]: The number of anomalous seqs: 5
2025-06-02 00:21:07,285 [INFO]: The number of anomalous seqs after ap clustering: 0
2025-06-02 00:21:07,285 [INFO]: The number of anomalous clusters: 0
2025-06-02 00:21:07,287 [INFO]: Metric patterns dumped.
2025-06-02 00:21:07,287 [INFO]: No anomalous patterns detected!
2025-06-02 00:21:07,288 [INFO]: precision: 1.000, recall: 1.000, f1: 1.000
2025-06-02 00:21:07,289 [INFO]: Experiment result plotted!
2025-06-02 00:21:07,432 [INFO]: ============================================================
2025-06-02 00:21:07,433 [INFO]: Dataset: yahoo (metric real_50), m: 3, p: 99
2025-06-02 00:21:07,458 [INFO]: The number of anomalous seqs: 12
2025-06-02 00:21:07,492 [INFO]: The number of anomalous seqs after ap clustering: 12
2025-06-02 00:21:07,492 [INFO]: The number of anomalous clusters: 1
2025-06-02 00:21:07,495 [INFO]: Metric patterns dumped.
2025-06-02 00:21:07,498 [INFO]: precision: 0.000, recall: 0.000, f1: 0.000
2025-06-02 00:21:07,506 [INFO]: Experiment result plotted!
2025-06-02 00:21:07,691 [INFO]: ============================================================
2025-06-02 00:21:07,691 [INFO]: Dataset: yahoo (metric real_51), m: 3, p: 99
2025-06-02 00:21:07,714 [INFO]: The number of anomalous seqs: 12
2025-06-02 00:21:07,730 [INFO]: The number of anomalous seqs after ap clustering: 0
2025-06-02 00:21:07,730 [INFO]: The number of anomalous clusters: 0
2025-06-02 00:21:07,733 [INFO]: Metric patterns dumped.
2025-06-02 00:21:07,733 [INFO]: No anomalous patterns detected!
2025-06-02 00:21:07,734 [INFO]: precision: 0.000, recall: 0.000, f1: 0.000
2025-06-02 00:21:07,735 [INFO]: Experiment result plotted!
2025-06-02 00:21:07,885 [INFO]: ============================================================
2025-06-02 00:21:07,885 [INFO]: Dataset: yahoo (metric real_52), m: 3, p: 99
2025-06-02 00:21:07,907 [INFO]: The number of anomalous seqs: 12
2025-06-02 00:21:07,931 [INFO]: The number of anomalous seqs after ap clustering: 12
2025-06-02 00:21:07,931 [INFO]: The number of anomalous clusters: 10
2025-06-02 00:21:07,934 [INFO]: Metric patterns dumped.
2025-06-02 00:21:07,937 [INFO]: precision: 0.000, recall: 0.000, f1: 0.000
2025-06-02 00:21:07,944 [INFO]: Experiment result plotted!
2025-06-02 00:21:08,083 [INFO]: ============================================================
2025-06-02 00:21:08,083 [INFO]: Dataset: yahoo (metric real_53), m: 10, p: 92
2025-06-02 00:21:08,102 [INFO]: The number of anomalous seqs: 90
2025-06-02 00:21:08,122 [INFO]: The number of anomalous seqs after ap clustering: 42
2025-06-02 00:21:08,122 [INFO]: The number of anomalous clusters: 10
2025-06-02 00:21:08,125 [INFO]: Metric patterns dumped.
2025-06-02 00:21:08,128 [INFO]: precision: 0.843, recall: 1.000, f1: 0.915
2025-06-02 00:21:08,147 [INFO]: Experiment result plotted!
2025-06-02 00:21:08,273 [INFO]: ============================================================
2025-06-02 00:21:08,273 [INFO]: Dataset: yahoo (metric real_54), m: 3, p: 99.8
2025-06-02 00:21:08,292 [INFO]: The number of anomalous seqs: 3
2025-06-02 00:21:08,316 [INFO]: The number of anomalous seqs after ap clustering: 0
2025-06-02 00:21:08,316 [INFO]: The number of anomalous clusters: 0
2025-06-02 00:21:08,319 [INFO]: Metric patterns dumped.
2025-06-02 00:21:08,319 [INFO]: No anomalous patterns detected!
2025-06-02 00:21:08,320 [INFO]: precision: 1.000, recall: 1.000, f1: 1.000
2025-06-02 00:21:08,321 [INFO]: Experiment result plotted!
2025-06-02 00:21:08,490 [INFO]: ============================================================
2025-06-02 00:21:08,490 [INFO]: Dataset: yahoo (metric real_55), m: 3, p: 99
2025-06-02 00:21:08,510 [INFO]: The number of anomalous seqs: 12
2025-06-02 00:21:08,525 [INFO]: The number of anomalous seqs after ap clustering: 6
2025-06-02 00:21:08,525 [INFO]: The number of anomalous clusters: 3
2025-06-02 00:21:08,527 [INFO]: Metric patterns dumped.
2025-06-02 00:21:08,530 [INFO]: precision: 1.000, recall: 1.000, f1: 1.000
2025-06-02 00:21:08,534 [INFO]: Experiment result plotted!
2025-06-02 00:21:08,651 [INFO]: ============================================================
2025-06-02 00:21:08,651 [INFO]: Dataset: yahoo (metric real_56), m: 3, p: 99
2025-06-02 00:21:08,671 [INFO]: The number of anomalous seqs: 12
2025-06-02 00:21:08,688 [INFO]: The number of anomalous seqs after ap clustering: 12
2025-06-02 00:21:08,688 [INFO]: The number of anomalous clusters: 10
2025-06-02 00:21:08,691 [INFO]: Metric patterns dumped.
2025-06-02 00:21:08,693 [INFO]: precision: 0.444, recall: 0.500, f1: 0.471
2025-06-02 00:21:08,700 [INFO]: Experiment result plotted!
2025-06-02 00:21:08,830 [INFO]: ============================================================
2025-06-02 00:21:08,830 [INFO]: Dataset: yahoo (metric real_57), m: 3, p: 99
2025-06-02 00:21:08,849 [INFO]: The number of anomalous seqs: 12
2025-06-02 00:21:08,864 [INFO]: The number of anomalous seqs after ap clustering: 12
2025-06-02 00:21:08,864 [INFO]: The number of anomalous clusters: 12
2025-06-02 00:21:08,868 [INFO]: Metric patterns dumped.
2025-06-02 00:21:08,870 [INFO]: precision: 0.050, recall: 0.042, f1: 0.045
2025-06-02 00:21:08,997 [INFO]: Experiment result plotted!
2025-06-02 00:21:09,123 [INFO]: ============================================================
2025-06-02 00:21:09,123 [INFO]: Dataset: yahoo (metric real_58), m: 3, p: 99
2025-06-02 00:21:09,133 [INFO]: The number of anomalous seqs: 5
2025-06-02 00:21:09,143 [INFO]: The number of anomalous seqs after ap clustering: 5
2025-06-02 00:21:09,144 [INFO]: The number of anomalous clusters: 5
2025-06-02 00:21:09,146 [INFO]: Metric patterns dumped.
2025-06-02 00:21:09,148 [INFO]: precision: 0.444, recall: 1.000, f1: 0.615
2025-06-02 00:21:09,153 [INFO]: Experiment result plotted!
2025-06-02 00:21:09,267 [INFO]: ============================================================
2025-06-02 00:21:09,267 [INFO]: Dataset: yahoo (metric real_59), m: 3, p: 99
2025-06-02 00:21:09,283 [INFO]: The number of anomalous seqs: 12
2025-06-02 00:21:09,303 [INFO]: The number of anomalous seqs after ap clustering: 6
2025-06-02 00:21:09,303 [INFO]: The number of anomalous clusters: 1
2025-06-02 00:21:09,306 [INFO]: Metric patterns dumped.
2025-06-02 00:21:09,308 [INFO]: precision: 1.000, recall: 1.000, f1: 1.000
2025-06-02 00:21:09,312 [INFO]: Experiment result plotted!
2025-06-02 00:21:09,453 [INFO]: ============================================================
2025-06-02 00:21:09,453 [INFO]: Dataset: yahoo (metric real_60), m: 3, p: 99
2025-06-02 00:21:09,475 [INFO]: The number of anomalous seqs: 12
2025-06-02 00:21:09,503 [INFO]: The number of anomalous seqs after ap clustering: 11
2025-06-02 00:21:09,503 [INFO]: The number of anomalous clusters: 8
2025-06-02 00:21:09,506 [INFO]: Metric patterns dumped.
2025-06-02 00:21:09,513 [INFO]: precision: 0.000, recall: 0.000, f1: 0.000
2025-06-02 00:21:09,519 [INFO]: Experiment result plotted!
2025-06-02 00:21:09,665 [INFO]: ============================================================
2025-06-02 00:21:09,665 [INFO]: Dataset: yahoo (metric real_61), m: 3, p: 99
2025-06-02 00:21:09,687 [INFO]: The number of anomalous seqs: 12
2025-06-02 00:21:09,702 [INFO]: The number of anomalous seqs after ap clustering: 12
2025-06-02 00:21:09,702 [INFO]: The number of anomalous clusters: 10
2025-06-02 00:21:09,706 [INFO]: Metric patterns dumped.
2025-06-02 00:21:09,708 [INFO]: precision: 0.312, recall: 0.294, f1: 0.303
2025-06-02 00:21:09,715 [INFO]: Experiment result plotted!
2025-06-02 00:21:09,836 [INFO]: ============================================================
2025-06-02 00:21:09,836 [INFO]: Dataset: yahoo (metric real_62), m: 3, p: 99
2025-06-02 00:21:09,854 [INFO]: The number of anomalous seqs: 12
2025-06-02 00:21:09,875 [INFO]: The number of anomalous seqs after ap clustering: 12
2025-06-02 00:21:09,875 [INFO]: The number of anomalous clusters: 12
2025-06-02 00:21:09,878 [INFO]: Metric patterns dumped.
2025-06-02 00:21:09,881 [INFO]: precision: 0.833, recall: 0.714, f1: 0.769
2025-06-02 00:21:09,888 [INFO]: Experiment result plotted!
2025-06-02 00:21:10,008 [INFO]: ============================================================
2025-06-02 00:21:10,008 [INFO]: Dataset: yahoo (metric real_63), m: 3, p: 99
2025-06-02 00:21:10,027 [INFO]: The number of anomalous seqs: 12
2025-06-02 00:21:10,042 [INFO]: The number of anomalous seqs after ap clustering: 12
2025-06-02 00:21:10,042 [INFO]: The number of anomalous clusters: 12
2025-06-02 00:21:10,045 [INFO]: Metric patterns dumped.
2025-06-02 00:21:10,048 [INFO]: precision: 0.900, recall: 0.783, f1: 0.837
2025-06-02 00:21:10,055 [INFO]: Experiment result plotted!
2025-06-02 00:21:10,169 [INFO]: ============================================================
2025-06-02 00:21:10,169 [INFO]: Dataset: yahoo (metric real_64), m: 10, p: 92
2025-06-02 00:21:10,189 [INFO]: The number of anomalous seqs: 90
2025-06-02 00:21:10,221 [INFO]: The number of anomalous seqs after ap clustering: 81
2025-06-02 00:21:10,221 [INFO]: The number of anomalous clusters: 4
2025-06-02 00:21:10,224 [INFO]: Metric patterns dumped.
2025-06-02 00:21:10,227 [INFO]: precision: 0.303, recall: 0.789, f1: 0.438
2025-06-02 00:21:10,269 [INFO]: Experiment result plotted!
2025-06-02 00:21:10,396 [INFO]: ============================================================
2025-06-02 00:21:10,396 [INFO]: Dataset: yahoo (metric real_65), m: 3, p: 99
2025-06-02 00:21:10,413 [INFO]: The number of anomalous seqs: 12
2025-06-02 00:21:10,427 [INFO]: The number of anomalous seqs after ap clustering: 12
2025-06-02 00:21:10,427 [INFO]: The number of anomalous clusters: 12
2025-06-02 00:21:10,430 [INFO]: Metric patterns dumped.
2025-06-02 00:21:10,433 [INFO]: precision: 0.556, recall: 1.000, f1: 0.714
2025-06-02 00:21:10,439 [INFO]: Experiment result plotted!
2025-06-02 00:21:10,557 [INFO]: ============================================================
2025-06-02 00:21:10,558 [INFO]: Dataset: yahoo (metric real_66), m: 3, p: 99
2025-06-02 00:21:10,575 [INFO]: The number of anomalous seqs: 12
2025-06-02 00:21:10,589 [INFO]: The number of anomalous seqs after ap clustering: 9
2025-06-02 00:21:10,589 [INFO]: The number of anomalous clusters: 9
2025-06-02 00:21:10,591 [INFO]: Metric patterns dumped.
2025-06-02 00:21:10,594 [INFO]: precision: 0.267, recall: 0.500, f1: 0.348
2025-06-02 00:21:10,599 [INFO]: Experiment result plotted!
2025-06-02 00:21:10,717 [INFO]: ^^^^^^^^^^^^^^^ Experimental results of Yahoo dataset ^^^^^^^^^^^^^^^
2025-06-02 00:21:10,718 [INFO]: precision: 0.524, recall: 0.682, f1: 0.554
